2025-08-04 11:11:42.165 +03:00 [INF] System : Starting web host
2025-08-04 11:11:42.703 +03:00 [INF] SQLite : Database directory created at C:\Users\nabih\github\Seek_Client\Seek.API\Database
2025-08-04 11:11:43.668 +03:00 [INF] SQLite: Using securely generated encryption key
2025-08-04 11:11:43.714 +03:00 [INF] SQLite : Creating new encrypted database
2025-08-04 11:11:44.150 +03:00 [INF] SQLite : Successfully created new encrypted database
2025-08-04 11:11:44.215 +03:00 [INF] Using securely stored encryption key
2025-08-04 11:11:44.557 +03:00 [DBG] Connection opened at "2025-08-04T08:11:44.5405514Z", using current encryption key
2025-08-04 11:11:44.561 +03:00 [DBG] Successfully applied encryption key to database connection
2025-08-04 11:11:44.566 +03:00 [DBG] Connection opened at "2025-08-04T08:11:44.5665095Z", using current encryption key
2025-08-04 11:11:44.568 +03:00 [DBG] Successfully applied encryption key to database connection
2025-08-04 11:11:44.574 +03:00 [INF] Acquiring an exclusive lock for migration application. See https://aka.ms/efcore-docs-migrations-lock for more information if this takes too long.
2025-08-04 11:11:44.586 +03:00 [INF] Executed DbCommand (2ms) [Parameters=[], CommandType='"Text"', CommandTimeout='600']
SELECT COUNT(*) FROM "sqlite_master" WHERE "name" = '__EFMigrationsLock' AND "type" = 'table';
2025-08-04 11:11:44.979 +03:00 [INF] Executed DbCommand (387ms) [Parameters=[], CommandType='"Text"', CommandTimeout='600']
CREATE TABLE IF NOT EXISTS "__EFMigrationsLock" (
    "Id" INTEGER NOT NULL CONSTRAINT "PK___EFMigrationsLock" PRIMARY KEY,
    "Timestamp" TEXT NOT NULL
);
2025-08-04 11:11:44.986 +03:00 [INF] Executed DbCommand (3ms) [Parameters=[], CommandType='"Text"', CommandTimeout='600']
INSERT OR IGNORE INTO "__EFMigrationsLock"("Id", "Timestamp") VALUES(1, '2025-08-04 08:11:44.9832603+00:00');
SELECT changes();
2025-08-04 11:11:45.056 +03:00 [INF] Executed DbCommand (1ms) [Parameters=[], CommandType='"Text"', CommandTimeout='600']
CREATE TABLE IF NOT EXISTS "__EFMigrationsHistory" (
    "MigrationId" TEXT NOT NULL CONSTRAINT "PK___EFMigrationsHistory" PRIMARY KEY,
    "ProductVersion" TEXT NOT NULL
);
2025-08-04 11:11:45.072 +03:00 [DBG] Connection opened at "2025-08-04T08:11:45.0649477Z", using current encryption key
2025-08-04 11:11:45.073 +03:00 [DBG] Successfully applied encryption key to database connection
2025-08-04 11:11:45.074 +03:00 [INF] Executed DbCommand (0ms) [Parameters=[], CommandType='"Text"', CommandTimeout='600']
SELECT COUNT(*) FROM "sqlite_master" WHERE "name" = '__EFMigrationsHistory' AND "type" = 'table';
2025-08-04 11:11:45.081 +03:00 [INF] Executed DbCommand (1ms) [Parameters=[], CommandType='"Text"', CommandTimeout='600']
SELECT "MigrationId", "ProductVersion"
FROM "__EFMigrationsHistory"
ORDER BY "MigrationId";
2025-08-04 11:11:45.090 +03:00 [INF] Applying migration '20250730113833_InitialCreate'.
2025-08-04 11:11:45.102 +03:00 [INF] Executed DbCommand (1ms) [Parameters=[], CommandType='"Text"', CommandTimeout='600']
CREATE TABLE "FK_Auth" (
    "Ud" INTEGER NOT NULL CONSTRAINT "PK_FK_Auth" PRIMARY KEY AUTOINCREMENT,
    "HashedLogin" TEXT NOT NULL,
    "HashedPassword" TEXT NOT NULL,
    "Hashed_Refresh_Token" TEXT NOT NULL,
    "ExpiresIn" TEXT NULL
);
2025-08-04 11:11:45.104 +03:00 [INF] Executed DbCommand (0ms) [Parameters=[], CommandType='"Text"', CommandTimeout='600']
CREATE UNIQUE INDEX "IX_FK_Auth_HashedLogin" ON "FK_Auth" ("HashedLogin");
2025-08-04 11:11:45.107 +03:00 [INF] Executed DbCommand (0ms) [Parameters=[], CommandType='"Text"', CommandTimeout='600']
INSERT INTO "__EFMigrationsHistory" ("MigrationId", "ProductVersion")
VALUES ('20250730113833_InitialCreate', '9.0.7');
2025-08-04 11:11:45.114 +03:00 [INF] Executed DbCommand (2ms) [Parameters=[], CommandType='"Text"', CommandTimeout='600']
DELETE FROM "__EFMigrationsLock";
2025-08-04 11:11:45.118 +03:00 [INF] System : Creating Default Data By System
2025-08-04 11:11:45.119 +03:00 [INF] System : Ending Creating Default Data
2025-08-04 11:11:45.121 +03:00 [INF] SQLite : Database initialized successfully
2025-08-04 11:11:45.124 +03:00 [INF] System : Starting in development environment
2025-08-04 11:11:45.271 +03:00 [INF] Now listening on: https://localhost:7115
2025-08-04 11:11:45.273 +03:00 [INF] Now listening on: http://localhost:5298
2025-08-04 11:11:45.340 +03:00 [INF] Application started. Press Ctrl+C to shut down.
2025-08-04 11:11:45.342 +03:00 [INF] Hosting environment: Development
2025-08-04 11:11:45.344 +03:00 [INF] Content root path: C:\Users\nabih\github\Seek_Client\Seek.API
2025-08-04 11:13:04.978 +03:00 [INF] SQLite : Decrypting database
2025-08-04 11:13:04.981 +03:00 [WRN] SQLite : Incorrect encryption key provided.
2025-08-04 11:13:13.007 +03:00 [INF] SQLite : Decrypting database
2025-08-04 11:13:13.008 +03:00 [WRN] SQLite : Incorrect encryption key provided.
