2025-07-30 14:38:52.763 +03:00 [INF] System : Starting web host
2025-07-30 14:38:53.916 +03:00 ERR An error occurred using the connection to database 'main' on server 'Db/seek.db'.
2025-07-30 14:38:53.941 +03:00 FTL Application startup exception
Microsoft.Data.Sqlite.SqliteException (0x80004005): SQLite Error 14: 'unable to open database file'.
   at Microsoft.Data.Sqlite.SqliteException.ThrowExceptionForRC(Int32 rc, sqlite3 db)
   at Microsoft.Data.Sqlite.SqliteConnectionInternal..ctor(SqliteConnectionStringBuilder connectionOptions, SqliteConnectionPool pool)
   at Microsoft.Data.Sqlite.SqliteConnectionPool.GetConnection()
   at Microsoft.Data.Sqlite.SqliteConnectionFactory.GetConnection(SqliteConnection outerConnection)
   at Microsoft.Data.Sqlite.SqliteConnection.Open()
   at Microsoft.EntityFrameworkCore.Storage.RelationalConnection.OpenDbConnection(Boolean errorsExpected)
   at Microsoft.EntityFrameworkCore.Storage.RelationalConnection.OpenInternal(Boolean errorsExpected)
   at Microsoft.EntityFrameworkCore.Storage.RelationalConnection.Open(Boolean errorsExpected)
   at Microsoft.EntityFrameworkCore.Sqlite.Storage.Internal.SqliteDatabaseCreator.Create()
   at Microsoft.EntityFrameworkCore.Migrations.Internal.Migrator.Migrate(String targetMigration)
   at Microsoft.EntityFrameworkCore.RelationalDatabaseFacadeExtensions.Migrate(DatabaseFacade databaseFacade)
   at Seek.API.StartUp.Configure(IApplicationBuilder app, IApiVersionDescriptionProvider provider) in C:\Users\nabih\source\repos\Seek_ClientSide\Seek.API\StartUp.cs:line 77
   at System.RuntimeMethodHandle.InvokeMethod(Object target, Void** arguments, Signature sig, Boolean isConstructor)
   at System.Reflection.MethodBaseInvoker.InvokeDirectByRefWithFewArgs(Object obj, Span`1 copyOfArgs, BindingFlags invokeAttr)
   at System.Reflection.MethodBaseInvoker.InvokeWithFewArgs(Object obj, BindingFlags invokeAttr, Binder binder, Object[] parameters, CultureInfo culture)
   at Microsoft.AspNetCore.Hosting.ConfigureBuilder.Invoke(Object instance, IApplicationBuilder builder)
   at Microsoft.Extensions.DependencyInjection.AutoRegisterMiddleware.<>c__DisplayClass4_0.<Configure>b__0(IApplicationBuilder app)
   at Microsoft.WebTools.BrowserLink.Net.HostingStartup.<>c__DisplayClass1_0.<Configure>b__0(IApplicationBuilder app)
   at Microsoft.AspNetCore.Watch.BrowserRefresh.HostingStartup.<>c__DisplayClass1_0.<Configure>b__0(IApplicationBuilder app)
   at Microsoft.WebTools.ApiEndpointDiscovery.HostingStartup.<>c__DisplayClass2_0.<Configure>b__0(IApplicationBuilder app)
   at Microsoft.AspNetCore.Hosting.GenericWebHostService.StartAsync(CancellationToken cancellationToken)
2025-07-30 14:38:54.000 +03:00 ERR Hosting failed to start
Microsoft.Data.Sqlite.SqliteException (0x80004005): SQLite Error 14: 'unable to open database file'.
   at Microsoft.Data.Sqlite.SqliteException.ThrowExceptionForRC(Int32 rc, sqlite3 db)
   at Microsoft.Data.Sqlite.SqliteConnectionInternal..ctor(SqliteConnectionStringBuilder connectionOptions, SqliteConnectionPool pool)
   at Microsoft.Data.Sqlite.SqliteConnectionPool.GetConnection()
   at Microsoft.Data.Sqlite.SqliteConnectionFactory.GetConnection(SqliteConnection outerConnection)
   at Microsoft.Data.Sqlite.SqliteConnection.Open()
   at Microsoft.EntityFrameworkCore.Storage.RelationalConnection.OpenDbConnection(Boolean errorsExpected)
   at Microsoft.EntityFrameworkCore.Storage.RelationalConnection.OpenInternal(Boolean errorsExpected)
   at Microsoft.EntityFrameworkCore.Storage.RelationalConnection.Open(Boolean errorsExpected)
   at Microsoft.EntityFrameworkCore.Sqlite.Storage.Internal.SqliteDatabaseCreator.Create()
   at Microsoft.EntityFrameworkCore.Migrations.Internal.Migrator.Migrate(String targetMigration)
   at Microsoft.EntityFrameworkCore.RelationalDatabaseFacadeExtensions.Migrate(DatabaseFacade databaseFacade)
   at Seek.API.StartUp.Configure(IApplicationBuilder app, IApiVersionDescriptionProvider provider) in C:\Users\nabih\source\repos\Seek_ClientSide\Seek.API\StartUp.cs:line 77
   at System.RuntimeMethodHandle.InvokeMethod(Object target, Void** arguments, Signature sig, Boolean isConstructor)
   at System.Reflection.MethodBaseInvoker.InvokeDirectByRefWithFewArgs(Object obj, Span`1 copyOfArgs, BindingFlags invokeAttr)
   at System.Reflection.MethodBaseInvoker.InvokeWithFewArgs(Object obj, BindingFlags invokeAttr, Binder binder, Object[] parameters, CultureInfo culture)
   at Microsoft.AspNetCore.Hosting.ConfigureBuilder.Invoke(Object instance, IApplicationBuilder builder)
   at Microsoft.Extensions.DependencyInjection.AutoRegisterMiddleware.<>c__DisplayClass4_0.<Configure>b__0(IApplicationBuilder app)
   at Microsoft.WebTools.BrowserLink.Net.HostingStartup.<>c__DisplayClass1_0.<Configure>b__0(IApplicationBuilder app)
   at Microsoft.AspNetCore.Watch.BrowserRefresh.HostingStartup.<>c__DisplayClass1_0.<Configure>b__0(IApplicationBuilder app)
   at Microsoft.WebTools.ApiEndpointDiscovery.HostingStartup.<>c__DisplayClass2_0.<Configure>b__0(IApplicationBuilder app)
   at Microsoft.AspNetCore.Hosting.GenericWebHostService.StartAsync(CancellationToken cancellationToken)
   at Microsoft.Extensions.Hosting.Internal.Host.<StartAsync>b__15_1(IHostedService service, CancellationToken token)
   at Microsoft.Extensions.Hosting.Internal.Host.ForeachService[T](IEnumerable`1 services, CancellationToken token, Boolean concurrent, Boolean abortOnFirstException, List`1 exceptions, Func`3 operation)
2025-07-30 14:38:54.052 +03:00 FTL System : Host terminated unexpectedly
Microsoft.Data.Sqlite.SqliteException (0x80004005): SQLite Error 14: 'unable to open database file'.
   at Microsoft.Data.Sqlite.SqliteException.ThrowExceptionForRC(Int32 rc, sqlite3 db)
   at Microsoft.Data.Sqlite.SqliteConnectionInternal..ctor(SqliteConnectionStringBuilder connectionOptions, SqliteConnectionPool pool)
   at Microsoft.Data.Sqlite.SqliteConnectionPool.GetConnection()
   at Microsoft.Data.Sqlite.SqliteConnectionFactory.GetConnection(SqliteConnection outerConnection)
   at Microsoft.Data.Sqlite.SqliteConnection.Open()
   at Microsoft.EntityFrameworkCore.Storage.RelationalConnection.OpenDbConnection(Boolean errorsExpected)
   at Microsoft.EntityFrameworkCore.Storage.RelationalConnection.OpenInternal(Boolean errorsExpected)
   at Microsoft.EntityFrameworkCore.Storage.RelationalConnection.Open(Boolean errorsExpected)
   at Microsoft.EntityFrameworkCore.Sqlite.Storage.Internal.SqliteDatabaseCreator.Create()
   at Microsoft.EntityFrameworkCore.Migrations.Internal.Migrator.Migrate(String targetMigration)
   at Microsoft.EntityFrameworkCore.RelationalDatabaseFacadeExtensions.Migrate(DatabaseFacade databaseFacade)
   at Seek.API.StartUp.Configure(IApplicationBuilder app, IApiVersionDescriptionProvider provider) in C:\Users\nabih\source\repos\Seek_ClientSide\Seek.API\StartUp.cs:line 77
   at System.RuntimeMethodHandle.InvokeMethod(Object target, Void** arguments, Signature sig, Boolean isConstructor)
   at System.Reflection.MethodBaseInvoker.InvokeDirectByRefWithFewArgs(Object obj, Span`1 copyOfArgs, BindingFlags invokeAttr)
   at System.Reflection.MethodBaseInvoker.InvokeWithFewArgs(Object obj, BindingFlags invokeAttr, Binder binder, Object[] parameters, CultureInfo culture)
   at Microsoft.AspNetCore.Hosting.ConfigureBuilder.Invoke(Object instance, IApplicationBuilder builder)
   at Microsoft.Extensions.DependencyInjection.AutoRegisterMiddleware.<>c__DisplayClass4_0.<Configure>b__0(IApplicationBuilder app)
   at Microsoft.WebTools.BrowserLink.Net.HostingStartup.<>c__DisplayClass1_0.<Configure>b__0(IApplicationBuilder app)
   at Microsoft.AspNetCore.Watch.BrowserRefresh.HostingStartup.<>c__DisplayClass1_0.<Configure>b__0(IApplicationBuilder app)
   at Microsoft.WebTools.ApiEndpointDiscovery.HostingStartup.<>c__DisplayClass2_0.<Configure>b__0(IApplicationBuilder app)
   at Microsoft.AspNetCore.Hosting.GenericWebHostService.StartAsync(CancellationToken cancellationToken)
   at Microsoft.Extensions.Hosting.Internal.Host.<StartAsync>b__15_1(IHostedService service, CancellationToken token)
   at Microsoft.Extensions.Hosting.Internal.Host.ForeachService[T](IEnumerable`1 services, CancellationToken token, Boolean concurrent, Boolean abortOnFirstException, List`1 exceptions, Func`3 operation)
   at Microsoft.Extensions.Hosting.Internal.Host.StartAsync(CancellationToken cancellationToken)
   at Microsoft.Extensions.Hosting.HostingAbstractionsHostExtensions.RunAsync(IHost host, CancellationToken token)
   at Microsoft.Extensions.Hosting.HostingAbstractionsHostExtensions.RunAsync(IHost host, CancellationToken token)
   at Microsoft.Extensions.Hosting.HostingAbstractionsHostExtensions.Run(IHost host)
   at Program.Main(String[] args) in C:\Users\nabih\source\repos\Seek_ClientSide\Seek.API\Program.cs:line 21
2025-07-30 15:02:19.757 +03:00 ERR An error occurred using the connection to database 'main' on server 'Db/seek.db'.
